# JRE version: OpenJDK Runtime Environment (8.0_242-b01) (build 1.8.0_242-release-1644-b01)
# Java VM: OpenJDK 64-Bit Server VM (25.242-b01 mixed mode windows-amd64 compressed oops)
Heap:
 PSYoungGen      total 350208K, used 118621K [0x00000000e0000000, 0x00000000fa980000, 0x0000000100000000)
  eden space 319488K, 35% used [0x00000000e0000000,0x00000000e6e4f4d8,0x00000000f3800000)
  from space 30720K, 18% used [0x00000000f3800000,0x00000000f3d88010,0x00000000f5600000)
  to   space 30208K, 0% used [0x00000000f8c00000,0x00000000f8c00000,0x00000000fa980000)
 ParOldGen       total 179200K, used 79239K [0x00000000a0000000, 0x00000000aaf00000, 0x00000000e0000000)
  object space 179200K, 44% used [0x00000000a0000000,0x00000000a4d61da8,0x00000000aaf00000)
 Metaspace       used 104515K, capacity 110605K, committed 110680K, reserved 1144832K
  class space    used 13784K, capacity 14945K, committed 14976K, reserved 1048576K
GC Heap History (10 events):
Event: 107.886 GC heap before
{Heap before GC invocations=27 (full 4):
 PSYoungGen      total 256000K, used 248501K [0x00000000e0000000, 0x00000000f2280000, 0x0000000100000000)
  eden space 227840K, 100% used [0x00000000e0000000,0x00000000ede80000,0x00000000ede80000)
  from space 28160K, 73% used [0x00000000efb80000,0x00000000f0fad640,0x00000000f1700000)
  to   space 29696K, 0% used [0x00000000ede80000,0x00000000ede80000,0x00000000efb80000)
 ParOldGen       total 179200K, used 58334K [0x00000000a0000000, 0x00000000aaf00000, 0x00000000e0000000)
  object space 179200K, 32% used [0x00000000a0000000,0x00000000a38f7a10,0x00000000aaf00000)
 Metaspace       used 103763K, capacity 109787K, committed 109912K, reserved 1144832K
  class space    used 13774K, capacity 14938K, committed 14976K, reserved 1048576K
Event: 107.910 GC heap after
Heap after GC invocations=27 (full 4):
 PSYoungGen      total 257536K, used 20984K [0x00000000e0000000, 0x00000000f4600000, 0x0000000100000000)
  eden space 227840K, 0% used [0x00000000e0000000,0x00000000e0000000,0x00000000ede80000)
  from space 29696K, 70% used [0x00000000ede80000,0x00000000ef2fe0b8,0x00000000efb80000)
  to   space 30720K, 0% used [0x00000000f2800000,0x00000000f2800000,0x00000000f4600000)
 ParOldGen       total 179200K, used 58342K [0x00000000a0000000, 0x00000000aaf00000, 0x00000000e0000000)
  object space 179200K, 32% used [0x00000000a0000000,0x00000000a38f9a10,0x00000000aaf00000)
 Metaspace       used 103763K, capacity 109787K, committed 109912K, reserved 1144832K
  class space    used 13774K, capacity 14938K, committed 14976K, reserved 1048576K
}
Event: 108.692 GC heap before
{Heap before GC invocations=28 (full 4):
 PSYoungGen      total 257536K, used 248824K [0x00000000e0000000, 0x00000000f4600000, 0x0000000100000000)
  eden space 227840K, 100% used [0x00000000e0000000,0x00000000ede80000,0x00000000ede80000)
  from space 29696K, 70% used [0x00000000ede80000,0x00000000ef2fe0b8,0x00000000efb80000)
  to   space 30720K, 0% used [0x00000000f2800000,0x00000000f2800000,0x00000000f4600000)
 ParOldGen       total 179200K, used 58342K [0x00000000a0000000, 0x00000000aaf00000, 0x00000000e0000000)
  object space 179200K, 32% used [0x00000000a0000000,0x00000000a38f9a10,0x00000000aaf00000)
 Metaspace       used 104105K, capacity 110153K, committed 110424K, reserved 1144832K
  class space    used 13778K, capacity 14939K, committed 14976K, reserved 1048576K
Event: 108.734 GC heap after
Heap after GC invocations=28 (full 4):
 PSYoungGen      total 301568K, used 22828K [0x00000000e0000000, 0x00000000f5300000, 0x0000000100000000)
  eden space 270848K, 0% used [0x00000000e0000000,0x00000000e0000000,0x00000000f0880000)
  from space 30720K, 74% used [0x00000000f2800000,0x00000000f3e4b048,0x00000000f4600000)
  to   space 32256K, 0% used [0x00000000f0880000,0x00000000f0880000,0x00000000f2800000)
 ParOldGen       total 179200K, used 58350K [0x00000000a0000000, 0x00000000aaf00000, 0x00000000e0000000)
  object space 179200K, 32% used [0x00000000a0000000,0x00000000a38fba10,0x00000000aaf00000)
 Metaspace       used 104105K, capacity 110153K, committed 110424K, reserved 1144832K
  class space    used 13778K, capacity 14939K, committed 14976K, reserved 1048576K
}
Event: 109.940 GC heap before
{Heap before GC invocations=29 (full 4):
 PSYoungGen      total 301568K, used 293676K [0x00000000e0000000, 0x00000000f5300000, 0x0000000100000000)
  eden space 270848K, 100% used [0x00000000e0000000,0x00000000f0880000,0x00000000f0880000)
  from space 30720K, 74% used [0x00000000f2800000,0x00000000f3e4b048,0x00000000f4600000)
  to   space 32256K, 0% used [0x00000000f0880000,0x00000000f0880000,0x00000000f2800000)
 ParOldGen       total 179200K, used 58350K [0x00000000a0000000, 0x00000000aaf00000, 0x00000000e0000000)
  object space 179200K, 32% used [0x00000000a0000000,0x00000000a38fba10,0x00000000aaf00000)
 Metaspace       used 104234K, capacity 110315K, committed 110424K, reserved 1144832K
  class space    used 13779K, capacity 14940K, committed 14976K, reserved 1048576K
Event: 109.981 GC heap after
Heap after GC invocations=29 (full 4):
 PSYoungGen      total 303104K, used 9846K [0x00000000e0000000, 0x00000000f7800000, 0x0000000100000000)
  eden space 270848K, 0% used [0x00000000e0000000,0x00000000e0000000,0x00000000f0880000)
  from space 32256K, 30% used [0x00000000f0880000,0x00000000f121dae0,0x00000000f2800000)
  to   space 31744K, 0% used [0x00000000f5900000,0x00000000f5900000,0x00000000f7800000)
 ParOldGen       total 179200K, used 70999K [0x00000000a0000000, 0x00000000aaf00000, 0x00000000e0000000)
  object space 179200K, 39% used [0x00000000a0000000,0x00000000a4555fd8,0x00000000aaf00000)
 Metaspace       used 104234K, capacity 110315K, committed 110424K, reserved 1144832K
  class space    used 13779K, capacity 14940K, committed 14976K, reserved 1048576K
}
Event: 111.131 GC heap before
{Heap before GC invocations=30 (full 4):
 PSYoungGen      total 303104K, used 280694K [0x00000000e0000000, 0x00000000f7800000, 0x0000000100000000)
  eden space 270848K, 100% used [0x00000000e0000000,0x00000000f0880000,0x00000000f0880000)
  from space 32256K, 30% used [0x00000000f0880000,0x00000000f121dae0,0x00000000f2800000)
  to   space 31744K, 0% used [0x00000000f5900000,0x00000000f5900000,0x00000000f7800000)
 ParOldGen       total 179200K, used 70999K [0x00000000a0000000, 0x00000000aaf00000, 0x00000000e0000000)
  object space 179200K, 39% used [0x00000000a0000000,0x00000000a4555fd8,0x00000000aaf00000)
 Metaspace       used 104288K, capacity 110387K, committed 110424K, reserved 1144832K
  class space    used 13779K, capacity 14940K, committed 14976K, reserved 1048576K
Event: 111.153 GC heap after
Heap after GC invocations=30 (full 4):
 PSYoungGen      total 347136K, used 11094K [0x00000000e0000000, 0x00000000f7400000, 0x0000000100000000)
  eden space 319488K, 0% used [0x00000000e0000000,0x00000000e0000000,0x00000000f3800000)
  from space 27648K, 40% used [0x00000000f5900000,0x00000000f63d5ae0,0x00000000f7400000)
  to   space 30720K, 0% used [0x00000000f3800000,0x00000000f3800000,0x00000000f5600000)
 ParOldGen       total 179200K, used 71327K [0x00000000a0000000, 0x00000000aaf00000, 0x00000000e0000000)
  object space 179200K, 39% used [0x00000000a0000000,0x00000000a45a7fd8,0x00000000aaf00000)
 Metaspace       used 104288K, capacity 110387K, committed 110424K, reserved 1144832K
  class space    used 13779K, capacity 14940K, committed 14976K, reserved 1048576K
}
Event: 112.554 GC heap before
{Heap before GC invocations=31 (full 4):
 PSYoungGen      total 347136K, used 330582K [0x00000000e0000000, 0x00000000f7400000, 0x0000000100000000)
  eden space 319488K, 100% used [0x00000000e0000000,0x00000000f3800000,0x00000000f3800000)
  from space 27648K, 40% used [0x00000000f5900000,0x00000000f63d5ae0,0x00000000f7400000)
  to   space 30720K, 0% used [0x00000000f3800000,0x00000000f3800000,0x00000000f5600000)
 ParOldGen       total 179200K, used 71327K [0x00000000a0000000, 0x00000000aaf00000, 0x00000000e0000000)
  object space 179200K, 39% used [0x00000000a0000000,0x00000000a45a7fd8,0x00000000aaf00000)
 Metaspace       used 104318K, capacity 110401K, committed 110680K, reserved 1144832K
  class space    used 13781K, capacity 14943K, committed 14976K, reserved 1048576K
Event: 112.577 GC heap after
Heap after GC invocations=31 (full 4):
 PSYoungGen      total 350208K, used 5664K [0x00000000e0000000, 0x00000000fa980000, 0x0000000100000000)
  eden space 319488K, 0% used [0x00000000e0000000,0x00000000e0000000,0x00000000f3800000)
  from space 30720K, 18% used [0x00000000f3800000,0x00000000f3d88010,0x00000000f5600000)
  to   space 30208K, 0% used [0x00000000f8c00000,0x00000000f8c00000,0x00000000fa980000)
 ParOldGen       total 179200K, used 79239K [0x00000000a0000000, 0x00000000aaf00000, 0x00000000e0000000)
  object space 179200K, 44% used [0x00000000a0000000,0x00000000a4d61da8,0x00000000aaf00000)
 Metaspace       used 104318K, capacity 110401K, committed 110680K, reserved 1144832K
  class space    used 13781K, capacity 14943K, committed 14976K, reserved 1048576K
}

