# JRE version: OpenJDK Runtime Environment (8.0_242-b01) (build 1.8.0_242-release-1644-b01)
# Java VM: OpenJDK 64-Bit Server VM (25.242-b01 mixed mode windows-amd64 compressed oops)
Heap:
 PSYoungGen      total 296960K, used 143332K [0x00000000e0000000, 0x00000000f4080000, 0x0000000100000000)
  eden space 282112K, 45% used [0x00000000e0000000,0x00000000e7dd7ee8,0x00000000f1380000)
  from space 14848K, 97% used [0x00000000f3200000,0x00000000f4021350,0x00000000f4080000)
  to   space 22528K, 0% used [0x00000000f1480000,0x00000000f1480000,0x00000000f2a80000)
 ParOldGen       total 105472K, used 29642K [0x00000000a0000000, 0x00000000a6700000, 0x00000000e0000000)
  object space 105472K, 28% used [0x00000000a0000000,0x00000000a1cf2988,0x00000000a6700000)
 Metaspace       used 70863K, capacity 74694K, committed 74904K, reserved 1114112K
  class space    used 9384K, capacity 10112K, committed 10160K, reserved 1048576K
GC Heap History (10 events):
Event: 14.289 GC heap before
{Heap before GC invocations=13 (full 2):
 PSYoungGen      total 182784K, used 182545K [0x00000000e0000000, 0x00000000ecb00000, 0x0000000100000000)
  eden space 173056K, 100% used [0x00000000e0000000,0x00000000ea900000,0x00000000ea900000)
  from space 9728K, 97% used [0x00000000ec180000,0x00000000ecac45c8,0x00000000ecb00000)
  to   space 12800K, 0% used [0x00000000eb200000,0x00000000eb200000,0x00000000ebe80000)
 ParOldGen       total 69632K, used 17462K [0x00000000a0000000, 0x00000000a4400000, 0x00000000e0000000)
  object space 69632K, 25% used [0x00000000a0000000,0x00000000a110d8a8,0x00000000a4400000)
 Metaspace       used 55393K, capacity 57692K, committed 58024K, reserved 1099776K
  class space    used 7542K, capacity 8021K, committed 8112K, reserved 1048576K
Event: 14.313 GC heap after
Heap after GC invocations=13 (full 2):
 PSYoungGen      total 195072K, used 12774K [0x00000000e0000000, 0x00000000f0c80000, 0x0000000100000000)
  eden space 182272K, 0% used [0x00000000e0000000,0x00000000e0000000,0x00000000eb200000)
  from space 12800K, 99% used [0x00000000eb200000,0x00000000ebe79b28,0x00000000ebe80000)
  to   space 19968K, 0% used [0x00000000ef900000,0x00000000ef900000,0x00000000f0c80000)
 ParOldGen       total 69632K, used 31574K [0x00000000a0000000, 0x00000000a4400000, 0x00000000e0000000)
  object space 69632K, 45% used [0x00000000a0000000,0x00000000a1ed5bf8,0x00000000a4400000)
 Metaspace       used 55393K, capacity 57692K, committed 58024K, reserved 1099776K
  class space    used 7542K, capacity 8021K, committed 8112K, reserved 1048576K
}
Event: 14.492 GC heap before
{Heap before GC invocations=14 (full 2):
 PSYoungGen      total 195072K, used 32130K [0x00000000e0000000, 0x00000000f0c80000, 0x0000000100000000)
  eden space 182272K, 10% used [0x00000000e0000000,0x00000000e12e6e60,0x00000000eb200000)
  from space 12800K, 99% used [0x00000000eb200000,0x00000000ebe79b28,0x00000000ebe80000)
  to   space 19968K, 0% used [0x00000000ef900000,0x00000000ef900000,0x00000000f0c80000)
 ParOldGen       total 69632K, used 31574K [0x00000000a0000000, 0x00000000a4400000, 0x00000000e0000000)
  object space 69632K, 45% used [0x00000000a0000000,0x00000000a1ed5bf8,0x00000000a4400000)
 Metaspace       used 56620K, capacity 58952K, committed 59160K, reserved 1099776K
  class space    used 7744K, capacity 8209K, committed 8240K, reserved 1048576K
Event: 14.503 GC heap after
Heap after GC invocations=14 (full 2):
 PSYoungGen      total 254976K, used 1760K [0x00000000e0000000, 0x00000000f2200000, 0x0000000100000000)
  eden space 235008K, 0% used [0x00000000e0000000,0x00000000e0000000,0x00000000ee580000)
  from space 19968K, 8% used [0x00000000ef900000,0x00000000efab8000,0x00000000f0c80000)
  to   space 19968K, 0% used [0x00000000ee580000,0x00000000ee580000,0x00000000ef900000)
 ParOldGen       total 69632K, used 42349K [0x00000000a0000000, 0x00000000a4400000, 0x00000000e0000000)
  object space 69632K, 60% used [0x00000000a0000000,0x00000000a295b760,0x00000000a4400000)
 Metaspace       used 56620K, capacity 58952K, committed 59160K, reserved 1099776K
  class space    used 7744K, capacity 8209K, committed 8240K, reserved 1048576K
}
Event: 14.503 GC heap before
{Heap before GC invocations=15 (full 3):
 PSYoungGen      total 254976K, used 1760K [0x00000000e0000000, 0x00000000f2200000, 0x0000000100000000)
  eden space 235008K, 0% used [0x00000000e0000000,0x00000000e0000000,0x00000000ee580000)
  from space 19968K, 8% used [0x00000000ef900000,0x00000000efab8000,0x00000000f0c80000)
  to   space 19968K, 0% used [0x00000000ee580000,0x00000000ee580000,0x00000000ef900000)
 ParOldGen       total 69632K, used 42349K [0x00000000a0000000, 0x00000000a4400000, 0x00000000e0000000)
  object space 69632K, 60% used [0x00000000a0000000,0x00000000a295b760,0x00000000a4400000)
 Metaspace       used 56620K, capacity 58952K, committed 59160K, reserved 1099776K
  class space    used 7744K, capacity 8209K, committed 8240K, reserved 1048576K
Event: 14.806 GC heap after
Heap after GC invocations=15 (full 3):
 PSYoungGen      total 254976K, used 0K [0x00000000e0000000, 0x00000000f2200000, 0x0000000100000000)
  eden space 235008K, 0% used [0x00000000e0000000,0x00000000e0000000,0x00000000ee580000)
  from space 19968K, 0% used [0x00000000ef900000,0x00000000ef900000,0x00000000f0c80000)
  to   space 19968K, 0% used [0x00000000ee580000,0x00000000ee580000,0x00000000ef900000)
 ParOldGen       total 105472K, used 29626K [0x00000000a0000000, 0x00000000a6700000, 0x00000000e0000000)
  object space 105472K, 28% used [0x00000000a0000000,0x00000000a1cee988,0x00000000a6700000)
 Metaspace       used 56574K, capacity 58796K, committed 59160K, reserved 1099776K
  class space    used 7729K, capacity 8183K, committed 8240K, reserved 1048576K
}
Event: 18.587 GC heap before
{Heap before GC invocations=16 (full 3):
 PSYoungGen      total 254976K, used 235008K [0x00000000e0000000, 0x00000000f2200000, 0x0000000100000000)
  eden space 235008K, 100% used [0x00000000e0000000,0x00000000ee580000,0x00000000ee580000)
  from space 19968K, 0% used [0x00000000ef900000,0x00000000ef900000,0x00000000f0c80000)
  to   space 19968K, 0% used [0x00000000ee580000,0x00000000ee580000,0x00000000ef900000)
 ParOldGen       total 105472K, used 29626K [0x00000000a0000000, 0x00000000a6700000, 0x00000000e0000000)
  object space 105472K, 28% used [0x00000000a0000000,0x00000000a1cee988,0x00000000a6700000)
 Metaspace       used 67683K, capacity 71260K, committed 71320K, reserved 1110016K
  class space    used 9225K, capacity 9891K, committed 9904K, reserved 1048576K
Event: 18.607 GC heap after
Heap after GC invocations=16 (full 3):
 PSYoungGen      total 254976K, used 17103K [0x00000000e0000000, 0x00000000f4780000, 0x0000000100000000)
  eden space 235008K, 0% used [0x00000000e0000000,0x00000000e0000000,0x00000000ee580000)
  from space 19968K, 85% used [0x00000000ee580000,0x00000000ef633cc8,0x00000000ef900000)
  to   space 22016K, 0% used [0x00000000f3200000,0x00000000f3200000,0x00000000f4780000)
 ParOldGen       total 105472K, used 29634K [0x00000000a0000000, 0x00000000a6700000, 0x00000000e0000000)
  object space 105472K, 28% used [0x00000000a0000000,0x00000000a1cf0988,0x00000000a6700000)
 Metaspace       used 67683K, capacity 71260K, committed 71320K, reserved 1110016K
  class space    used 9225K, capacity 9891K, committed 9904K, reserved 1048576K
}
Event: 118.150 GC heap before
{Heap before GC invocations=17 (full 3):
 PSYoungGen      total 254976K, used 252111K [0x00000000e0000000, 0x00000000f4780000, 0x0000000100000000)
  eden space 235008K, 100% used [0x00000000e0000000,0x00000000ee580000,0x00000000ee580000)
  from space 19968K, 85% used [0x00000000ee580000,0x00000000ef633cc8,0x00000000ef900000)
  to   space 22016K, 0% used [0x00000000f3200000,0x00000000f3200000,0x00000000f4780000)
 ParOldGen       total 105472K, used 29634K [0x00000000a0000000, 0x00000000a6700000, 0x00000000e0000000)
  object space 105472K, 28% used [0x00000000a0000000,0x00000000a1cf0988,0x00000000a6700000)
 Metaspace       used 70525K, capacity 74224K, committed 74392K, reserved 1114112K
  class space    used 9371K, capacity 10087K, committed 10160K, reserved 1048576K
Event: 118.175 GC heap after
Heap after GC invocations=17 (full 3):
 PSYoungGen      total 296960K, used 14468K [0x00000000e0000000, 0x00000000f4080000, 0x0000000100000000)
  eden space 282112K, 0% used [0x00000000e0000000,0x00000000e0000000,0x00000000f1380000)
  from space 14848K, 97% used [0x00000000f3200000,0x00000000f4021350,0x00000000f4080000)
  to   space 22528K, 0% used [0x00000000f1480000,0x00000000f1480000,0x00000000f2a80000)
 ParOldGen       total 105472K, used 29642K [0x00000000a0000000, 0x00000000a6700000, 0x00000000e0000000)
  object space 105472K, 28% used [0x00000000a0000000,0x00000000a1cf2988,0x00000000a6700000)
 Metaspace       used 70525K, capacity 74224K, committed 74392K, reserved 1114112K
  class space    used 9371K, capacity 10087K, committed 10160K, reserved 1048576K
}

